<?xml version="1.0" encoding="UTF-8"?>
<!-- Generated by org.testng.reporters.JUnitReportReporter -->
<testsuite hostname="Naveen" failures="0" tests="1" name="TestCases.AssesmentTC" time="12.346" errors="0" timestamp="2023-10-17T12:20:36 IST" skipped="0">
  <testcase classname="TestCases.AssesmentTC" name="AssignAssesment" time="12.346"/>
</testsuite> <!-- TestCases.AssesmentTC -->
